2025-06-17 07:18:16 TRACE XBeanDebug:199 - Loading type system org.apache.poi.schemas.ooxml.system.ooxml
2025-06-17 07:18:16 TRACE XBeanDebug:199 - Loading type system org.apache.xmlbeans.metadata.system.sXMLCONFIG
2025-06-17 07:18:16 TRACE XBeanDebug:199 - Loading type system org.apache.xmlbeans.metadata.system.sXMLLANG
2025-06-17 07:18:16 TRACE XBeanDebug:199 - Loading type system org.apache.xmlbeans.metadata.system.sXMLSCHEMA
2025-06-17 07:18:16 TRACE XBeanDebug:199 - Loading type system org.apache.xmlbeans.metadata.system.sXMLTOOLS
2025-06-17 07:18:16 TRACE XBeanDebug:237 - Reading unresolved handles for type system org.apache.xmlbeans.metadata.system.sXMLTOOLS
2025-06-17 07:18:16 TRACE XBeanDebug:209 - Finished loading type system org.apache.xmlbeans.metadata.system.sXMLTOOLS
2025-06-17 07:18:16 TRACE XBeanDebug:237 - Reading unresolved handles for type system org.apache.xmlbeans.metadata.system.sXMLSCHEMA
2025-06-17 07:18:16 TRACE XBeanDebug:209 - Finished loading type system org.apache.xmlbeans.metadata.system.sXMLSCHEMA
2025-06-17 07:18:16 TRACE XBeanDebug:237 - Reading unresolved handles for type system org.apache.xmlbeans.metadata.system.sXMLLANG
2025-06-17 07:18:16 TRACE XBeanDebug:209 - Finished loading type system org.apache.xmlbeans.metadata.system.sXMLLANG
2025-06-17 07:18:16 TRACE XBeanDebug:237 - Reading unresolved handles for type system org.apache.xmlbeans.metadata.system.sXMLCONFIG
2025-06-17 07:18:16 TRACE XBeanDebug:209 - Finished loading type system org.apache.xmlbeans.metadata.system.sXMLCONFIG
2025-06-17 07:18:16 TRACE XBeanDebug:237 - Reading unresolved handles for type system org.apache.poi.schemas.ooxml.system.ooxml
2025-06-17 07:18:16 TRACE XBeanDebug:209 - Finished loading type system org.apache.poi.schemas.ooxml.system.ooxml
2025-06-17 07:18:16 TRACE XBeanDebug:946 - Resolving type for handle ctworkbook83c3type
2025-06-17 07:18:17 TRACE XBeanDebug:946 - Resolving type for handle ctworkbookpr03a5type
2025-06-17 07:18:17 TRACE XBeanDebug:946 - Resolving type for handle ctbookviewsb864type
2025-06-17 07:18:17 TRACE XBeanDebug:946 - Resolving type for handle ctbookviewf677type
2025-06-17 07:18:17 TRACE XBeanDebug:946 - Resolving type for handle ctsheets49fdtype
2025-06-17 07:18:17 TRACE XBeanDebug:946 - Resolving type for handle propertiesee84doctype
2025-06-17 07:18:17 TRACE XBeanDebug:946 - Resolving type for handle ctproperties3f10type
2025-06-17 07:18:17 TRACE XBeanDebug:946 - Resolving type for handle properties288cdoctype
2025-06-17 07:18:17 TRACE XBeanDebug:946 - Resolving type for handle ctproperties2c18type
2025-06-17 07:18:17 TRACE XBeanDebug:946 - Resolving type for handle sstf81fdoctype
2025-06-17 07:18:17 TRACE XBeanDebug:946 - Resolving type for handle ctsst44f3type
2025-06-17 07:18:17 TRACE XBeanDebug:946 - Resolving type for handle stylesheet5d8bdoctype
2025-06-17 07:18:17 TRACE XBeanDebug:946 - Resolving type for handle ctstylesheet4257type
2025-06-17 07:18:17 TRACE XBeanDebug:946 - Resolving type for handle ctfont14d8type
2025-06-17 07:18:17 TRACE XBeanDebug:946 - Resolving type for handle ctfontsizeb3b9type
2025-06-17 07:18:17 TRACE XBeanDebug:946 - Resolving type for handle ctcolord2c2type
2025-06-17 07:18:17 TRACE XBeanDebug:946 - Resolving type for handle ctfontname2dc3type
2025-06-17 07:18:17 TRACE XBeanDebug:946 - Resolving type for handle stxstringf179type
2025-06-17 07:18:17 TRACE XBeanDebug:946 - Resolving type for handle ctfontfamily685ctype
2025-06-17 07:18:17 TRACE XBeanDebug:946 - Resolving type for handle stfontfamily9c6ctype
2025-06-17 07:18:17 TRACE XBeanDebug:946 - Resolving type for handle ctfontschemebf5dtype
2025-06-17 07:18:17 TRACE XBeanDebug:946 - Resolving type for handle stfontschemef36dtype
2025-06-17 07:18:17 TRACE XBeanDebug:946 - Resolving type for handle ctfill550ctype
2025-06-17 07:18:17 TRACE XBeanDebug:946 - Resolving type for handle ctpatternfill7452type
2025-06-17 07:18:17 TRACE XBeanDebug:946 - Resolving type for handle stpatterntype7939type
2025-06-17 07:18:17 TRACE XBeanDebug:946 - Resolving type for handle ctborderf935type
2025-06-17 07:18:17 TRACE XBeanDebug:946 - Resolving type for handle ctborderpre497type
2025-06-17 07:18:17 TRACE XBeanDebug:946 - Resolving type for handle ctxf97f7type
2025-06-17 07:18:17 TRACE XBeanDebug:946 - Resolving type for handle stnumfmtid76fbtype
2025-06-17 07:18:17 TRACE XBeanDebug:946 - Resolving type for handle stfontid9d63type
2025-06-17 07:18:17 TRACE XBeanDebug:946 - Resolving type for handle stfillida097type
2025-06-17 07:18:17 TRACE XBeanDebug:946 - Resolving type for handle stborderid1a80type
2025-06-17 07:18:17 TRACE XBeanDebug:946 - Resolving type for handle stcellstylexfid70c7type
2025-06-17 07:18:17 TRACE XBeanDebug:946 - Resolving type for handle ctsheet4dbetype
2025-06-17 07:18:17 TRACE XBeanDebug:946 - Resolving type for handle ctworksheet530dtype
2025-06-17 07:18:17 TRACE XBeanDebug:946 - Resolving type for handle ctsheetformatprdef7type
2025-06-17 07:18:17 TRACE XBeanDebug:946 - Resolving type for handle ctsheetviewsb918type
2025-06-17 07:18:17 TRACE XBeanDebug:946 - Resolving type for handle ctsheetview0f43type
2025-06-17 07:18:17 TRACE XBeanDebug:946 - Resolving type for handle ctsheetdimensiond310type
2025-06-17 07:18:17 TRACE XBeanDebug:946 - Resolving type for handle stref90a2type
2025-06-17 07:18:17 TRACE XBeanDebug:946 - Resolving type for handle ctsheetdata8408type
2025-06-17 07:18:17 TRACE XBeanDebug:946 - Resolving type for handle ctpagemargins5455type
2025-06-17 07:18:17 TRACE XBeanDebug:946 - Resolving type for handle ctcols627ctype
2025-06-17 07:18:17 TRACE XBeanDebug:946 - Resolving type for handle strelationshipid1e94type
2025-06-17 07:18:17 TRACE XBeanDebug:946 - Resolving type for handle ctrowdd39type
2025-06-17 07:18:17 TRACE XBeanDebug:946 - Resolving type for handle ctcell842btype
2025-06-17 07:18:17 TRACE XBeanDebug:946 - Resolving type for handle stcellrefe4e0type
2025-06-17 07:18:17 TRACE XBeanDebug:946 - Resolving type for handle ctrsta472type
2025-06-17 07:18:17 TRACE XBeanDebug:946 - Resolving type for handle stcelltypebf95type
2025-06-17 07:18:17 TRACE XBeanDebug:946 - Resolving type for handle ctnumfmtsb58btype
2025-06-17 07:18:17 TRACE XBeanDebug:946 - Resolving type for handle ctfonts6623type
2025-06-17 07:18:17 TRACE XBeanDebug:946 - Resolving type for handle ctfills2c6ftype
2025-06-17 07:18:17 TRACE XBeanDebug:946 - Resolving type for handle ctborders0d66type
2025-06-17 07:18:17 TRACE XBeanDebug:946 - Resolving type for handle ctcellxfs1322type
2025-06-17 07:18:17 TRACE XBeanDebug:946 - Resolving type for handle ctcellstylexfsa81ftype
2025-06-17 07:18:17 DEBUG ZipPackage:651 - Save core properties part
2025-06-17 07:18:17 DEBUG ZipPackage:673 - Save content types part
2025-06-17 07:18:17 DEBUG ZipPackage:680 - Save package relationships
2025-06-17 07:18:17 DEBUG ZipPackage:697 - Save part 'docProps/app.xml'
2025-06-17 07:18:17 DEBUG ZipPackage:697 - Save part 'docProps/core.xml'
2025-06-17 07:18:17 DEBUG ZipPackage:697 - Save part 'xl/sharedStrings.xml'
2025-06-17 07:18:17 DEBUG ZipPackage:697 - Save part 'xl/styles.xml'
2025-06-17 07:18:17 DEBUG ZipPackage:697 - Save part 'xl/workbook.xml'
2025-06-17 07:18:17 DEBUG ZipPackage:697 - Save part 'xl/worksheets/sheet1.xml'
2025-06-17 07:18:17 DEBUG ZipPackage:673 - Save content types part
2025-06-17 07:18:17 DEBUG ZipPackage:680 - Save package relationships
2025-06-17 07:18:17 DEBUG ZipPackage:697 - Save part 'docProps/app.xml'
2025-06-17 07:18:17 DEBUG ZipPackage:697 - Save part 'docProps/core.xml'
2025-06-17 07:18:17 DEBUG ZipPackage:697 - Save part 'xl/sharedStrings.xml'
2025-06-17 07:18:17 DEBUG ZipPackage:697 - Save part 'xl/styles.xml'
2025-06-17 07:18:17 DEBUG ZipPackage:697 - Save part 'xl/workbook.xml'
2025-06-17 07:18:17 DEBUG ZipPackage:697 - Save part 'xl/worksheets/sheet1.xml'
2025-06-17 07:20:09 TRACE XBeanDebug:199 - Loading type system org.apache.poi.schemas.ooxml.system.ooxml
2025-06-17 07:20:09 TRACE XBeanDebug:199 - Loading type system org.apache.xmlbeans.metadata.system.sXMLCONFIG
2025-06-17 07:20:09 TRACE XBeanDebug:199 - Loading type system org.apache.xmlbeans.metadata.system.sXMLLANG
2025-06-17 07:20:09 TRACE XBeanDebug:199 - Loading type system org.apache.xmlbeans.metadata.system.sXMLSCHEMA
2025-06-17 07:20:09 TRACE XBeanDebug:199 - Loading type system org.apache.xmlbeans.metadata.system.sXMLTOOLS
2025-06-17 07:20:09 TRACE XBeanDebug:237 - Reading unresolved handles for type system org.apache.xmlbeans.metadata.system.sXMLTOOLS
2025-06-17 07:20:09 TRACE XBeanDebug:209 - Finished loading type system org.apache.xmlbeans.metadata.system.sXMLTOOLS
2025-06-17 07:20:09 TRACE XBeanDebug:237 - Reading unresolved handles for type system org.apache.xmlbeans.metadata.system.sXMLSCHEMA
2025-06-17 07:20:09 TRACE XBeanDebug:209 - Finished loading type system org.apache.xmlbeans.metadata.system.sXMLSCHEMA
2025-06-17 07:20:09 TRACE XBeanDebug:237 - Reading unresolved handles for type system org.apache.xmlbeans.metadata.system.sXMLLANG
2025-06-17 07:20:09 TRACE XBeanDebug:209 - Finished loading type system org.apache.xmlbeans.metadata.system.sXMLLANG
2025-06-17 07:20:09 TRACE XBeanDebug:237 - Reading unresolved handles for type system org.apache.xmlbeans.metadata.system.sXMLCONFIG
2025-06-17 07:20:09 TRACE XBeanDebug:209 - Finished loading type system org.apache.xmlbeans.metadata.system.sXMLCONFIG
2025-06-17 07:20:09 TRACE XBeanDebug:237 - Reading unresolved handles for type system org.apache.poi.schemas.ooxml.system.ooxml
2025-06-17 07:20:09 TRACE XBeanDebug:209 - Finished loading type system org.apache.poi.schemas.ooxml.system.ooxml
2025-06-17 07:20:09 TRACE XBeanDebug:946 - Resolving type for handle ctworkbook83c3type
2025-06-17 07:20:09 TRACE XBeanDebug:946 - Resolving type for handle ctworkbookpr03a5type
2025-06-17 07:20:09 TRACE XBeanDebug:946 - Resolving type for handle ctbookviewsb864type
2025-06-17 07:20:09 TRACE XBeanDebug:946 - Resolving type for handle ctbookviewf677type
2025-06-17 07:20:09 TRACE XBeanDebug:946 - Resolving type for handle ctsheets49fdtype
2025-06-17 07:20:09 TRACE XBeanDebug:946 - Resolving type for handle propertiesee84doctype
2025-06-17 07:20:09 TRACE XBeanDebug:946 - Resolving type for handle ctproperties3f10type
2025-06-17 07:20:09 TRACE XBeanDebug:946 - Resolving type for handle properties288cdoctype
2025-06-17 07:20:09 TRACE XBeanDebug:946 - Resolving type for handle ctproperties2c18type
2025-06-17 07:20:09 TRACE XBeanDebug:946 - Resolving type for handle sstf81fdoctype
2025-06-17 07:20:09 TRACE XBeanDebug:946 - Resolving type for handle ctsst44f3type
2025-06-17 07:20:09 TRACE XBeanDebug:946 - Resolving type for handle stylesheet5d8bdoctype
2025-06-17 07:20:09 TRACE XBeanDebug:946 - Resolving type for handle ctstylesheet4257type
2025-06-17 07:20:10 TRACE XBeanDebug:946 - Resolving type for handle ctfont14d8type
2025-06-17 07:20:10 TRACE XBeanDebug:946 - Resolving type for handle ctfontsizeb3b9type
2025-06-17 07:20:10 TRACE XBeanDebug:946 - Resolving type for handle ctcolord2c2type
2025-06-17 07:20:10 TRACE XBeanDebug:946 - Resolving type for handle ctfontname2dc3type
2025-06-17 07:20:10 TRACE XBeanDebug:946 - Resolving type for handle stxstringf179type
2025-06-17 07:20:10 TRACE XBeanDebug:946 - Resolving type for handle ctfontfamily685ctype
2025-06-17 07:20:10 TRACE XBeanDebug:946 - Resolving type for handle stfontfamily9c6ctype
2025-06-17 07:20:10 TRACE XBeanDebug:946 - Resolving type for handle ctfontschemebf5dtype
2025-06-17 07:20:10 TRACE XBeanDebug:946 - Resolving type for handle stfontschemef36dtype
2025-06-17 07:20:10 TRACE XBeanDebug:946 - Resolving type for handle ctfill550ctype
2025-06-17 07:20:10 TRACE XBeanDebug:946 - Resolving type for handle ctpatternfill7452type
2025-06-17 07:20:10 TRACE XBeanDebug:946 - Resolving type for handle stpatterntype7939type
2025-06-17 07:20:10 TRACE XBeanDebug:946 - Resolving type for handle ctborderf935type
2025-06-17 07:20:10 TRACE XBeanDebug:946 - Resolving type for handle ctborderpre497type
2025-06-17 07:20:10 TRACE XBeanDebug:946 - Resolving type for handle ctxf97f7type
2025-06-17 07:20:10 TRACE XBeanDebug:946 - Resolving type for handle stnumfmtid76fbtype
2025-06-17 07:20:10 TRACE XBeanDebug:946 - Resolving type for handle stfontid9d63type
2025-06-17 07:20:10 TRACE XBeanDebug:946 - Resolving type for handle stfillida097type
2025-06-17 07:20:10 TRACE XBeanDebug:946 - Resolving type for handle stborderid1a80type
2025-06-17 07:20:10 TRACE XBeanDebug:946 - Resolving type for handle stcellstylexfid70c7type
2025-06-17 07:20:10 TRACE XBeanDebug:946 - Resolving type for handle ctsheet4dbetype
2025-06-17 07:20:10 TRACE XBeanDebug:946 - Resolving type for handle ctworksheet530dtype
2025-06-17 07:20:10 TRACE XBeanDebug:946 - Resolving type for handle ctsheetformatprdef7type
2025-06-17 07:20:10 TRACE XBeanDebug:946 - Resolving type for handle ctsheetviewsb918type
2025-06-17 07:20:10 TRACE XBeanDebug:946 - Resolving type for handle ctsheetview0f43type
2025-06-17 07:20:10 TRACE XBeanDebug:946 - Resolving type for handle ctsheetdimensiond310type
2025-06-17 07:20:10 TRACE XBeanDebug:946 - Resolving type for handle stref90a2type
2025-06-17 07:20:10 TRACE XBeanDebug:946 - Resolving type for handle ctsheetdata8408type
2025-06-17 07:20:10 TRACE XBeanDebug:946 - Resolving type for handle ctpagemargins5455type
2025-06-17 07:20:10 TRACE XBeanDebug:946 - Resolving type for handle ctcols627ctype
2025-06-17 07:20:10 TRACE XBeanDebug:946 - Resolving type for handle strelationshipid1e94type
2025-06-17 07:20:10 TRACE XBeanDebug:946 - Resolving type for handle ctrowdd39type
2025-06-17 07:20:10 TRACE XBeanDebug:946 - Resolving type for handle ctcell842btype
2025-06-17 07:20:10 TRACE XBeanDebug:946 - Resolving type for handle stcellrefe4e0type
2025-06-17 07:20:10 TRACE XBeanDebug:946 - Resolving type for handle ctrsta472type
2025-06-17 07:20:10 TRACE XBeanDebug:946 - Resolving type for handle stcelltypebf95type
2025-06-17 07:20:10 TRACE XBeanDebug:946 - Resolving type for handle ctnumfmtsb58btype
2025-06-17 07:20:10 TRACE XBeanDebug:946 - Resolving type for handle ctfonts6623type
2025-06-17 07:20:10 TRACE XBeanDebug:946 - Resolving type for handle ctfills2c6ftype
2025-06-17 07:20:10 TRACE XBeanDebug:946 - Resolving type for handle ctborders0d66type
2025-06-17 07:20:10 TRACE XBeanDebug:946 - Resolving type for handle ctcellxfs1322type
2025-06-17 07:20:10 TRACE XBeanDebug:946 - Resolving type for handle ctcellstylexfsa81ftype
2025-06-17 07:20:10 DEBUG ZipPackage:651 - Save core properties part
2025-06-17 07:20:10 DEBUG ZipPackage:673 - Save content types part
2025-06-17 07:20:10 DEBUG ZipPackage:680 - Save package relationships
2025-06-17 07:20:10 DEBUG ZipPackage:697 - Save part 'docProps/app.xml'
2025-06-17 07:20:10 DEBUG ZipPackage:697 - Save part 'docProps/core.xml'
2025-06-17 07:20:10 DEBUG ZipPackage:697 - Save part 'xl/sharedStrings.xml'
2025-06-17 07:20:10 DEBUG ZipPackage:697 - Save part 'xl/styles.xml'
2025-06-17 07:20:10 DEBUG ZipPackage:697 - Save part 'xl/workbook.xml'
2025-06-17 07:20:10 DEBUG ZipPackage:697 - Save part 'xl/worksheets/sheet1.xml'
2025-06-17 07:20:10 DEBUG ZipPackage:673 - Save content types part
2025-06-17 07:20:10 DEBUG ZipPackage:680 - Save package relationships
2025-06-17 07:20:10 DEBUG ZipPackage:697 - Save part 'docProps/app.xml'
2025-06-17 07:20:10 DEBUG ZipPackage:697 - Save part 'docProps/core.xml'
2025-06-17 07:20:10 DEBUG ZipPackage:697 - Save part 'xl/sharedStrings.xml'
2025-06-17 07:20:10 DEBUG ZipPackage:697 - Save part 'xl/styles.xml'
2025-06-17 07:20:10 DEBUG ZipPackage:697 - Save part 'xl/workbook.xml'
2025-06-17 07:20:10 DEBUG ZipPackage:697 - Save part 'xl/worksheets/sheet1.xml'
2025-06-17 07:22:20 DEBUG PackageRelationshipCollection:307 - Parsing relationship: /xl/_rels/workbook.xml.rels
2025-06-17 07:22:20 DEBUG PackageRelationshipCollection:307 - Parsing relationship: /_rels/.rels
2025-06-17 07:22:20 TRACE XBeanDebug:199 - Loading type system org.apache.poi.schemas.ooxml.system.ooxml
2025-06-17 07:22:20 TRACE XBeanDebug:199 - Loading type system org.apache.xmlbeans.metadata.system.sXMLCONFIG
2025-06-17 07:22:20 TRACE XBeanDebug:199 - Loading type system org.apache.xmlbeans.metadata.system.sXMLLANG
2025-06-17 07:22:20 TRACE XBeanDebug:199 - Loading type system org.apache.xmlbeans.metadata.system.sXMLSCHEMA
2025-06-17 07:22:20 TRACE XBeanDebug:199 - Loading type system org.apache.xmlbeans.metadata.system.sXMLTOOLS
2025-06-17 07:22:20 TRACE XBeanDebug:237 - Reading unresolved handles for type system org.apache.xmlbeans.metadata.system.sXMLTOOLS
2025-06-17 07:22:20 TRACE XBeanDebug:209 - Finished loading type system org.apache.xmlbeans.metadata.system.sXMLTOOLS
2025-06-17 07:22:20 TRACE XBeanDebug:237 - Reading unresolved handles for type system org.apache.xmlbeans.metadata.system.sXMLSCHEMA
2025-06-17 07:22:20 TRACE XBeanDebug:209 - Finished loading type system org.apache.xmlbeans.metadata.system.sXMLSCHEMA
2025-06-17 07:22:20 TRACE XBeanDebug:237 - Reading unresolved handles for type system org.apache.xmlbeans.metadata.system.sXMLLANG
2025-06-17 07:22:20 TRACE XBeanDebug:209 - Finished loading type system org.apache.xmlbeans.metadata.system.sXMLLANG
2025-06-17 07:22:20 TRACE XBeanDebug:237 - Reading unresolved handles for type system org.apache.xmlbeans.metadata.system.sXMLCONFIG
2025-06-17 07:22:20 TRACE XBeanDebug:209 - Finished loading type system org.apache.xmlbeans.metadata.system.sXMLCONFIG
2025-06-17 07:22:20 TRACE XBeanDebug:237 - Reading unresolved handles for type system org.apache.poi.schemas.ooxml.system.ooxml
2025-06-17 07:22:20 TRACE XBeanDebug:209 - Finished loading type system org.apache.poi.schemas.ooxml.system.ooxml
2025-06-17 07:22:20 TRACE XBeanDebug:946 - Resolving type for handle themefd26doctype
2025-06-17 07:22:21 TRACE XBeanDebug:946 - Resolving type for handle stylesheet5d8bdoctype
2025-06-17 07:22:21 TRACE XBeanDebug:946 - Resolving type for handle ctstylesheet4257type
2025-06-17 07:22:21 TRACE XBeanDebug:946 - Resolving type for handle ctfonts6623type
2025-06-17 07:22:21 TRACE XBeanDebug:946 - Resolving type for handle ctfont14d8type
2025-06-17 07:22:21 TRACE XBeanDebug:946 - Resolving type for handle ctfills2c6ftype
2025-06-17 07:22:21 TRACE XBeanDebug:946 - Resolving type for handle ctfill550ctype
2025-06-17 07:22:21 TRACE XBeanDebug:946 - Resolving type for handle ctborders0d66type
2025-06-17 07:22:21 TRACE XBeanDebug:946 - Resolving type for handle ctborderf935type
2025-06-17 07:22:21 TRACE XBeanDebug:946 - Resolving type for handle ctcellxfs1322type
2025-06-17 07:22:21 TRACE XBeanDebug:946 - Resolving type for handle ctxf97f7type
2025-06-17 07:22:21 TRACE XBeanDebug:946 - Resolving type for handle ctcellstylexfsa81ftype
2025-06-17 07:22:21 TRACE XBeanDebug:946 - Resolving type for handle ctdxfsb26atype
2025-06-17 07:22:21 TRACE XBeanDebug:946 - Resolving type for handle cttablestyles872ftype
2025-06-17 07:22:21 TRACE XBeanDebug:946 - Resolving type for handle sstf81fdoctype
2025-06-17 07:22:21 TRACE XBeanDebug:946 - Resolving type for handle ctsst44f3type
2025-06-17 07:22:21 TRACE XBeanDebug:946 - Resolving type for handle ctrsta472type
2025-06-17 07:22:21 TRACE XBeanDebug:946 - Resolving type for handle workbookec17doctype
2025-06-17 07:22:21 TRACE XBeanDebug:946 - Resolving type for handle ctworkbook83c3type
2025-06-17 07:22:21 TRACE XBeanDebug:946 - Resolving type for handle ctsheets49fdtype
2025-06-17 07:22:21 TRACE XBeanDebug:946 - Resolving type for handle ctsheet4dbetype
2025-06-17 07:22:21 TRACE XBeanDebug:946 - Resolving type for handle strelationshipid1e94type
2025-06-17 07:22:21 TRACE XBeanDebug:946 - Resolving type for handle worksheetf539doctype
2025-06-17 07:22:21 TRACE XBeanDebug:946 - Resolving type for handle ctworksheet530dtype
2025-06-17 07:22:21 TRACE XBeanDebug:946 - Resolving type for handle ctcols627ctype
2025-06-17 07:22:21 TRACE XBeanDebug:946 - Resolving type for handle ctcola95ftype
2025-06-17 07:22:21 TRACE XBeanDebug:946 - Resolving type for handle ctsheetdata8408type
2025-06-17 07:22:21 TRACE XBeanDebug:946 - Resolving type for handle ctrowdd39type
2025-06-17 07:22:21 TRACE XBeanDebug:946 - Resolving type for handle ctcell842btype
2025-06-17 07:22:21 TRACE XBeanDebug:946 - Resolving type for handle stcellrefe4e0type
2025-06-17 07:22:21 TRACE XBeanDebug:946 - Resolving type for handle stxstringf179type
2025-06-17 07:22:21 TRACE XBeanDebug:946 - Resolving type for handle stcelltypebf95type
2025-06-17 07:23:13 DEBUG PackageRelationshipCollection:307 - Parsing relationship: /xl/_rels/workbook.xml.rels
2025-06-17 07:23:14 DEBUG PackageRelationshipCollection:307 - Parsing relationship: /_rels/.rels
2025-06-17 07:23:14 TRACE XBeanDebug:199 - Loading type system org.apache.poi.schemas.ooxml.system.ooxml
2025-06-17 07:23:14 TRACE XBeanDebug:199 - Loading type system org.apache.xmlbeans.metadata.system.sXMLCONFIG
2025-06-17 07:23:14 TRACE XBeanDebug:199 - Loading type system org.apache.xmlbeans.metadata.system.sXMLLANG
2025-06-17 07:23:14 TRACE XBeanDebug:199 - Loading type system org.apache.xmlbeans.metadata.system.sXMLSCHEMA
2025-06-17 07:23:14 TRACE XBeanDebug:199 - Loading type system org.apache.xmlbeans.metadata.system.sXMLTOOLS
2025-06-17 07:23:14 TRACE XBeanDebug:237 - Reading unresolved handles for type system org.apache.xmlbeans.metadata.system.sXMLTOOLS
2025-06-17 07:23:14 TRACE XBeanDebug:209 - Finished loading type system org.apache.xmlbeans.metadata.system.sXMLTOOLS
2025-06-17 07:23:14 TRACE XBeanDebug:237 - Reading unresolved handles for type system org.apache.xmlbeans.metadata.system.sXMLSCHEMA
2025-06-17 07:23:14 TRACE XBeanDebug:209 - Finished loading type system org.apache.xmlbeans.metadata.system.sXMLSCHEMA
2025-06-17 07:23:14 TRACE XBeanDebug:237 - Reading unresolved handles for type system org.apache.xmlbeans.metadata.system.sXMLLANG
2025-06-17 07:23:14 TRACE XBeanDebug:209 - Finished loading type system org.apache.xmlbeans.metadata.system.sXMLLANG
2025-06-17 07:23:14 TRACE XBeanDebug:237 - Reading unresolved handles for type system org.apache.xmlbeans.metadata.system.sXMLCONFIG
2025-06-17 07:23:14 TRACE XBeanDebug:209 - Finished loading type system org.apache.xmlbeans.metadata.system.sXMLCONFIG
2025-06-17 07:23:14 TRACE XBeanDebug:237 - Reading unresolved handles for type system org.apache.poi.schemas.ooxml.system.ooxml
2025-06-17 07:23:14 TRACE XBeanDebug:209 - Finished loading type system org.apache.poi.schemas.ooxml.system.ooxml
2025-06-17 07:23:14 TRACE XBeanDebug:946 - Resolving type for handle themefd26doctype
2025-06-17 07:23:14 TRACE XBeanDebug:946 - Resolving type for handle stylesheet5d8bdoctype
2025-06-17 07:23:14 TRACE XBeanDebug:946 - Resolving type for handle ctstylesheet4257type
2025-06-17 07:23:14 TRACE XBeanDebug:946 - Resolving type for handle ctfonts6623type
2025-06-17 07:23:14 TRACE XBeanDebug:946 - Resolving type for handle ctfont14d8type
2025-06-17 07:23:14 TRACE XBeanDebug:946 - Resolving type for handle ctfills2c6ftype
2025-06-17 07:23:14 TRACE XBeanDebug:946 - Resolving type for handle ctfill550ctype
2025-06-17 07:23:14 TRACE XBeanDebug:946 - Resolving type for handle ctborders0d66type
2025-06-17 07:23:14 TRACE XBeanDebug:946 - Resolving type for handle ctborderf935type
2025-06-17 07:23:14 TRACE XBeanDebug:946 - Resolving type for handle ctcellxfs1322type
2025-06-17 07:23:14 TRACE XBeanDebug:946 - Resolving type for handle ctxf97f7type
2025-06-17 07:23:14 TRACE XBeanDebug:946 - Resolving type for handle ctcellstylexfsa81ftype
2025-06-17 07:23:14 TRACE XBeanDebug:946 - Resolving type for handle ctdxfsb26atype
2025-06-17 07:23:14 TRACE XBeanDebug:946 - Resolving type for handle cttablestyles872ftype
2025-06-17 07:23:14 TRACE XBeanDebug:946 - Resolving type for handle sstf81fdoctype
2025-06-17 07:23:14 TRACE XBeanDebug:946 - Resolving type for handle ctsst44f3type
2025-06-17 07:23:14 TRACE XBeanDebug:946 - Resolving type for handle ctrsta472type
2025-06-17 07:23:14 TRACE XBeanDebug:946 - Resolving type for handle workbookec17doctype
2025-06-17 07:23:14 TRACE XBeanDebug:946 - Resolving type for handle ctworkbook83c3type
2025-06-17 07:23:14 TRACE XBeanDebug:946 - Resolving type for handle ctsheets49fdtype
2025-06-17 07:23:14 TRACE XBeanDebug:946 - Resolving type for handle ctsheet4dbetype
2025-06-17 07:23:14 TRACE XBeanDebug:946 - Resolving type for handle strelationshipid1e94type
2025-06-17 07:23:14 TRACE XBeanDebug:946 - Resolving type for handle worksheetf539doctype
2025-06-17 07:23:14 TRACE XBeanDebug:946 - Resolving type for handle ctworksheet530dtype
2025-06-17 07:23:14 TRACE XBeanDebug:946 - Resolving type for handle ctcols627ctype
2025-06-17 07:23:14 TRACE XBeanDebug:946 - Resolving type for handle ctcola95ftype
2025-06-17 07:23:14 TRACE XBeanDebug:946 - Resolving type for handle ctsheetdata8408type
2025-06-17 07:23:14 TRACE XBeanDebug:946 - Resolving type for handle ctrowdd39type
2025-06-17 07:23:14 TRACE XBeanDebug:946 - Resolving type for handle ctcell842btype
2025-06-17 07:23:14 TRACE XBeanDebug:946 - Resolving type for handle stcellrefe4e0type
2025-06-17 07:23:14 TRACE XBeanDebug:946 - Resolving type for handle stxstringf179type
2025-06-17 07:23:14 TRACE XBeanDebug:946 - Resolving type for handle stcelltypebf95type
2025-06-17 07:27:53 DEBUG PackageRelationshipCollection:307 - Parsing relationship: /xl/_rels/workbook.xml.rels
2025-06-17 07:27:53 DEBUG PackageRelationshipCollection:307 - Parsing relationship: /_rels/.rels
2025-06-17 07:27:53 TRACE XBeanDebug:199 - Loading type system org.apache.poi.schemas.ooxml.system.ooxml
2025-06-17 07:27:53 TRACE XBeanDebug:199 - Loading type system org.apache.xmlbeans.metadata.system.sXMLCONFIG
2025-06-17 07:27:53 TRACE XBeanDebug:199 - Loading type system org.apache.xmlbeans.metadata.system.sXMLLANG
2025-06-17 07:27:53 TRACE XBeanDebug:199 - Loading type system org.apache.xmlbeans.metadata.system.sXMLSCHEMA
2025-06-17 07:27:53 TRACE XBeanDebug:199 - Loading type system org.apache.xmlbeans.metadata.system.sXMLTOOLS
2025-06-17 07:27:53 TRACE XBeanDebug:237 - Reading unresolved handles for type system org.apache.xmlbeans.metadata.system.sXMLTOOLS
2025-06-17 07:27:53 TRACE XBeanDebug:209 - Finished loading type system org.apache.xmlbeans.metadata.system.sXMLTOOLS
2025-06-17 07:27:53 TRACE XBeanDebug:237 - Reading unresolved handles for type system org.apache.xmlbeans.metadata.system.sXMLSCHEMA
2025-06-17 07:27:53 TRACE XBeanDebug:209 - Finished loading type system org.apache.xmlbeans.metadata.system.sXMLSCHEMA
2025-06-17 07:27:53 TRACE XBeanDebug:237 - Reading unresolved handles for type system org.apache.xmlbeans.metadata.system.sXMLLANG
2025-06-17 07:27:53 TRACE XBeanDebug:209 - Finished loading type system org.apache.xmlbeans.metadata.system.sXMLLANG
2025-06-17 07:27:53 TRACE XBeanDebug:237 - Reading unresolved handles for type system org.apache.xmlbeans.metadata.system.sXMLCONFIG
2025-06-17 07:27:53 TRACE XBeanDebug:209 - Finished loading type system org.apache.xmlbeans.metadata.system.sXMLCONFIG
2025-06-17 07:27:53 TRACE XBeanDebug:237 - Reading unresolved handles for type system org.apache.poi.schemas.ooxml.system.ooxml
2025-06-17 07:27:54 TRACE XBeanDebug:209 - Finished loading type system org.apache.poi.schemas.ooxml.system.ooxml
2025-06-17 07:27:54 TRACE XBeanDebug:946 - Resolving type for handle themefd26doctype
2025-06-17 07:27:54 TRACE XBeanDebug:946 - Resolving type for handle stylesheet5d8bdoctype
2025-06-17 07:27:54 TRACE XBeanDebug:946 - Resolving type for handle ctstylesheet4257type
2025-06-17 07:27:54 TRACE XBeanDebug:946 - Resolving type for handle ctfonts6623type
2025-06-17 07:27:54 TRACE XBeanDebug:946 - Resolving type for handle ctfont14d8type
2025-06-17 07:27:54 TRACE XBeanDebug:946 - Resolving type for handle ctfills2c6ftype
2025-06-17 07:27:54 TRACE XBeanDebug:946 - Resolving type for handle ctfill550ctype
2025-06-17 07:27:54 TRACE XBeanDebug:946 - Resolving type for handle ctborders0d66type
2025-06-17 07:27:54 TRACE XBeanDebug:946 - Resolving type for handle ctborderf935type
2025-06-17 07:27:54 TRACE XBeanDebug:946 - Resolving type for handle ctcellxfs1322type
2025-06-17 07:27:54 TRACE XBeanDebug:946 - Resolving type for handle ctxf97f7type
2025-06-17 07:27:54 TRACE XBeanDebug:946 - Resolving type for handle ctcellstylexfsa81ftype
2025-06-17 07:27:54 TRACE XBeanDebug:946 - Resolving type for handle ctdxfsb26atype
2025-06-17 07:27:54 TRACE XBeanDebug:946 - Resolving type for handle cttablestyles872ftype
2025-06-17 07:27:54 TRACE XBeanDebug:946 - Resolving type for handle sstf81fdoctype
2025-06-17 07:27:54 TRACE XBeanDebug:946 - Resolving type for handle ctsst44f3type
2025-06-17 07:27:54 TRACE XBeanDebug:946 - Resolving type for handle ctrsta472type
2025-06-17 07:27:54 TRACE XBeanDebug:946 - Resolving type for handle workbookec17doctype
2025-06-17 07:27:54 TRACE XBeanDebug:946 - Resolving type for handle ctworkbook83c3type
2025-06-17 07:27:54 TRACE XBeanDebug:946 - Resolving type for handle ctsheets49fdtype
2025-06-17 07:27:54 TRACE XBeanDebug:946 - Resolving type for handle ctsheet4dbetype
2025-06-17 07:27:54 TRACE XBeanDebug:946 - Resolving type for handle strelationshipid1e94type
2025-06-17 07:27:54 TRACE XBeanDebug:946 - Resolving type for handle worksheetf539doctype
2025-06-17 07:27:54 TRACE XBeanDebug:946 - Resolving type for handle ctworksheet530dtype
2025-06-17 07:27:54 TRACE XBeanDebug:946 - Resolving type for handle ctcols627ctype
2025-06-17 07:27:54 TRACE XBeanDebug:946 - Resolving type for handle ctcola95ftype
2025-06-17 07:27:54 TRACE XBeanDebug:946 - Resolving type for handle ctsheetdata8408type
2025-06-17 07:27:54 TRACE XBeanDebug:946 - Resolving type for handle ctrowdd39type
2025-06-17 07:27:54 TRACE XBeanDebug:946 - Resolving type for handle ctcell842btype
2025-06-17 07:27:54 TRACE XBeanDebug:946 - Resolving type for handle stcellrefe4e0type
2025-06-17 07:27:54 TRACE XBeanDebug:946 - Resolving type for handle stxstringf179type
2025-06-17 07:27:54 TRACE XBeanDebug:946 - Resolving type for handle stcelltypebf95type
2025-06-17 07:48:02 TRACE XBeanDebug:199 - Loading type system org.apache.poi.schemas.ooxml.system.ooxml
2025-06-17 07:48:02 TRACE XBeanDebug:199 - Loading type system org.apache.xmlbeans.metadata.system.sXMLCONFIG
2025-06-17 07:48:02 TRACE XBeanDebug:199 - Loading type system org.apache.xmlbeans.metadata.system.sXMLLANG
2025-06-17 07:48:02 TRACE XBeanDebug:199 - Loading type system org.apache.xmlbeans.metadata.system.sXMLSCHEMA
2025-06-17 07:48:02 TRACE XBeanDebug:199 - Loading type system org.apache.xmlbeans.metadata.system.sXMLTOOLS
2025-06-17 07:48:02 TRACE XBeanDebug:237 - Reading unresolved handles for type system org.apache.xmlbeans.metadata.system.sXMLTOOLS
2025-06-17 07:48:02 TRACE XBeanDebug:209 - Finished loading type system org.apache.xmlbeans.metadata.system.sXMLTOOLS
2025-06-17 07:48:02 TRACE XBeanDebug:237 - Reading unresolved handles for type system org.apache.xmlbeans.metadata.system.sXMLSCHEMA
2025-06-17 07:48:02 TRACE XBeanDebug:209 - Finished loading type system org.apache.xmlbeans.metadata.system.sXMLSCHEMA
2025-06-17 07:48:02 TRACE XBeanDebug:237 - Reading unresolved handles for type system org.apache.xmlbeans.metadata.system.sXMLLANG
2025-06-17 07:48:02 TRACE XBeanDebug:209 - Finished loading type system org.apache.xmlbeans.metadata.system.sXMLLANG
2025-06-17 07:48:02 TRACE XBeanDebug:237 - Reading unresolved handles for type system org.apache.xmlbeans.metadata.system.sXMLCONFIG
2025-06-17 07:48:02 TRACE XBeanDebug:209 - Finished loading type system org.apache.xmlbeans.metadata.system.sXMLCONFIG
2025-06-17 07:48:02 TRACE XBeanDebug:237 - Reading unresolved handles for type system org.apache.poi.schemas.ooxml.system.ooxml
2025-06-17 07:48:03 TRACE XBeanDebug:209 - Finished loading type system org.apache.poi.schemas.ooxml.system.ooxml
2025-06-17 07:48:03 TRACE XBeanDebug:946 - Resolving type for handle ctworkbook83c3type
2025-06-17 07:48:03 TRACE XBeanDebug:946 - Resolving type for handle ctworkbookpr03a5type
2025-06-17 07:48:03 TRACE XBeanDebug:946 - Resolving type for handle ctbookviewsb864type
2025-06-17 07:48:03 TRACE XBeanDebug:946 - Resolving type for handle ctbookviewf677type
2025-06-17 07:48:03 TRACE XBeanDebug:946 - Resolving type for handle ctsheets49fdtype
2025-06-17 07:48:03 TRACE XBeanDebug:946 - Resolving type for handle propertiesee84doctype
2025-06-17 07:48:03 TRACE XBeanDebug:946 - Resolving type for handle ctproperties3f10type
2025-06-17 07:48:03 TRACE XBeanDebug:946 - Resolving type for handle properties288cdoctype
2025-06-17 07:48:03 TRACE XBeanDebug:946 - Resolving type for handle ctproperties2c18type
2025-06-17 07:48:03 TRACE XBeanDebug:946 - Resolving type for handle sstf81fdoctype
2025-06-17 07:48:03 TRACE XBeanDebug:946 - Resolving type for handle ctsst44f3type
2025-06-17 07:48:03 TRACE XBeanDebug:946 - Resolving type for handle stylesheet5d8bdoctype
2025-06-17 07:48:03 TRACE XBeanDebug:946 - Resolving type for handle ctstylesheet4257type
2025-06-17 07:48:03 TRACE XBeanDebug:946 - Resolving type for handle ctfont14d8type
2025-06-17 07:48:03 TRACE XBeanDebug:946 - Resolving type for handle ctfontsizeb3b9type
2025-06-17 07:48:03 TRACE XBeanDebug:946 - Resolving type for handle ctcolord2c2type
2025-06-17 07:48:03 TRACE XBeanDebug:946 - Resolving type for handle ctfontname2dc3type
2025-06-17 07:48:03 TRACE XBeanDebug:946 - Resolving type for handle stxstringf179type
2025-06-17 07:48:03 TRACE XBeanDebug:946 - Resolving type for handle ctfontfamily685ctype
2025-06-17 07:48:03 TRACE XBeanDebug:946 - Resolving type for handle stfontfamily9c6ctype
2025-06-17 07:48:03 TRACE XBeanDebug:946 - Resolving type for handle ctfontschemebf5dtype
2025-06-17 07:48:03 TRACE XBeanDebug:946 - Resolving type for handle stfontschemef36dtype
2025-06-17 07:48:03 TRACE XBeanDebug:946 - Resolving type for handle ctfill550ctype
2025-06-17 07:48:03 TRACE XBeanDebug:946 - Resolving type for handle ctpatternfill7452type
2025-06-17 07:48:03 TRACE XBeanDebug:946 - Resolving type for handle stpatterntype7939type
2025-06-17 07:48:03 TRACE XBeanDebug:946 - Resolving type for handle ctborderf935type
2025-06-17 07:48:03 TRACE XBeanDebug:946 - Resolving type for handle ctborderpre497type
2025-06-17 07:48:03 TRACE XBeanDebug:946 - Resolving type for handle ctxf97f7type
2025-06-17 07:48:03 TRACE XBeanDebug:946 - Resolving type for handle stnumfmtid76fbtype
2025-06-17 07:48:03 TRACE XBeanDebug:946 - Resolving type for handle stfontid9d63type
2025-06-17 07:48:03 TRACE XBeanDebug:946 - Resolving type for handle stfillida097type
2025-06-17 07:48:03 TRACE XBeanDebug:946 - Resolving type for handle stborderid1a80type
2025-06-17 07:48:04 TRACE XBeanDebug:946 - Resolving type for handle stcellstylexfid70c7type
2025-06-17 07:48:04 TRACE XBeanDebug:946 - Resolving type for handle ctsheet4dbetype
2025-06-17 07:48:04 TRACE XBeanDebug:946 - Resolving type for handle ctworksheet530dtype
2025-06-17 07:48:04 TRACE XBeanDebug:946 - Resolving type for handle ctsheetformatprdef7type
2025-06-17 07:48:04 TRACE XBeanDebug:946 - Resolving type for handle ctsheetviewsb918type
2025-06-17 07:48:04 TRACE XBeanDebug:946 - Resolving type for handle ctsheetview0f43type
2025-06-17 07:48:04 TRACE XBeanDebug:946 - Resolving type for handle ctsheetdimensiond310type
2025-06-17 07:48:04 TRACE XBeanDebug:946 - Resolving type for handle stref90a2type
2025-06-17 07:48:04 TRACE XBeanDebug:946 - Resolving type for handle ctsheetdata8408type
2025-06-17 07:48:04 TRACE XBeanDebug:946 - Resolving type for handle ctpagemargins5455type
2025-06-17 07:48:05 TRACE XBeanDebug:946 - Resolving type for handle ctcols627ctype
2025-06-17 07:48:05 TRACE XBeanDebug:946 - Resolving type for handle strelationshipid1e94type
2025-06-17 07:48:05 TRACE XBeanDebug:946 - Resolving type for handle ctrowdd39type
2025-06-17 07:48:05 TRACE XBeanDebug:946 - Resolving type for handle ctcell842btype
2025-06-17 07:48:05 TRACE XBeanDebug:946 - Resolving type for handle stcellrefe4e0type
2025-06-17 07:48:05 TRACE XBeanDebug:946 - Resolving type for handle ctrsta472type
2025-06-17 07:48:05 TRACE XBeanDebug:946 - Resolving type for handle stcelltypebf95type
2025-06-17 07:48:05 TRACE XBeanDebug:946 - Resolving type for handle ctnumfmtsb58btype
2025-06-17 07:48:05 TRACE XBeanDebug:946 - Resolving type for handle ctfonts6623type
2025-06-17 07:48:05 TRACE XBeanDebug:946 - Resolving type for handle ctfills2c6ftype
2025-06-17 07:48:05 TRACE XBeanDebug:946 - Resolving type for handle ctborders0d66type
2025-06-17 07:48:05 TRACE XBeanDebug:946 - Resolving type for handle ctcellxfs1322type
2025-06-17 07:48:05 TRACE XBeanDebug:946 - Resolving type for handle ctcellstylexfsa81ftype
2025-06-17 07:48:06 DEBUG ZipPackage:651 - Save core properties part
2025-06-17 07:48:06 DEBUG ZipPackage:673 - Save content types part
2025-06-17 07:48:07 DEBUG ZipPackage:680 - Save package relationships
2025-06-17 07:48:07 DEBUG ZipPackage:697 - Save part 'docProps/app.xml'
2025-06-17 07:48:07 DEBUG ZipPackage:697 - Save part 'docProps/core.xml'
2025-06-17 07:48:07 DEBUG ZipPackage:697 - Save part 'xl/sharedStrings.xml'
2025-06-17 07:48:07 DEBUG ZipPackage:697 - Save part 'xl/styles.xml'
2025-06-17 07:48:07 DEBUG ZipPackage:697 - Save part 'xl/workbook.xml'
2025-06-17 07:48:07 DEBUG ZipPackage:697 - Save part 'xl/worksheets/sheet1.xml'
2025-06-17 07:48:07 DEBUG ZipPackage:673 - Save content types part
2025-06-17 07:48:07 DEBUG ZipPackage:680 - Save package relationships
2025-06-17 07:48:07 DEBUG ZipPackage:697 - Save part 'docProps/app.xml'
2025-06-17 07:48:07 DEBUG ZipPackage:697 - Save part 'docProps/core.xml'
2025-06-17 07:48:07 DEBUG ZipPackage:697 - Save part 'xl/sharedStrings.xml'
2025-06-17 07:48:07 DEBUG ZipPackage:697 - Save part 'xl/styles.xml'
2025-06-17 07:48:07 DEBUG ZipPackage:697 - Save part 'xl/workbook.xml'
2025-06-17 07:48:07 DEBUG ZipPackage:697 - Save part 'xl/worksheets/sheet1.xml'
2025-06-17 07:59:08 DEBUG PackageRelationshipCollection:307 - Parsing relationship: /xl/_rels/workbook.xml.rels
2025-06-17 07:59:08 DEBUG PackageRelationshipCollection:307 - Parsing relationship: /_rels/.rels
2025-06-17 07:59:09 TRACE XBeanDebug:199 - Loading type system org.apache.poi.schemas.ooxml.system.ooxml
2025-06-17 07:59:09 TRACE XBeanDebug:199 - Loading type system org.apache.xmlbeans.metadata.system.sXMLCONFIG
2025-06-17 07:59:09 TRACE XBeanDebug:199 - Loading type system org.apache.xmlbeans.metadata.system.sXMLLANG
2025-06-17 07:59:09 TRACE XBeanDebug:199 - Loading type system org.apache.xmlbeans.metadata.system.sXMLSCHEMA
2025-06-17 07:59:09 TRACE XBeanDebug:199 - Loading type system org.apache.xmlbeans.metadata.system.sXMLTOOLS
2025-06-17 07:59:09 TRACE XBeanDebug:237 - Reading unresolved handles for type system org.apache.xmlbeans.metadata.system.sXMLTOOLS
2025-06-17 07:59:09 TRACE XBeanDebug:209 - Finished loading type system org.apache.xmlbeans.metadata.system.sXMLTOOLS
2025-06-17 07:59:09 TRACE XBeanDebug:237 - Reading unresolved handles for type system org.apache.xmlbeans.metadata.system.sXMLSCHEMA
2025-06-17 07:59:09 TRACE XBeanDebug:209 - Finished loading type system org.apache.xmlbeans.metadata.system.sXMLSCHEMA
2025-06-17 07:59:09 TRACE XBeanDebug:237 - Reading unresolved handles for type system org.apache.xmlbeans.metadata.system.sXMLLANG
2025-06-17 07:59:09 TRACE XBeanDebug:209 - Finished loading type system org.apache.xmlbeans.metadata.system.sXMLLANG
2025-06-17 07:59:09 TRACE XBeanDebug:237 - Reading unresolved handles for type system org.apache.xmlbeans.metadata.system.sXMLCONFIG
2025-06-17 07:59:09 TRACE XBeanDebug:209 - Finished loading type system org.apache.xmlbeans.metadata.system.sXMLCONFIG
2025-06-17 07:59:09 TRACE XBeanDebug:237 - Reading unresolved handles for type system org.apache.poi.schemas.ooxml.system.ooxml
2025-06-17 07:59:09 TRACE XBeanDebug:209 - Finished loading type system org.apache.poi.schemas.ooxml.system.ooxml
2025-06-17 07:59:09 TRACE XBeanDebug:946 - Resolving type for handle sstf81fdoctype
2025-06-17 07:59:09 TRACE XBeanDebug:946 - Resolving type for handle ctsst44f3type
2025-06-17 07:59:09 TRACE XBeanDebug:946 - Resolving type for handle ctrsta472type
2025-06-17 07:59:09 TRACE XBeanDebug:946 - Resolving type for handle stylesheet5d8bdoctype
2025-06-17 07:59:09 TRACE XBeanDebug:946 - Resolving type for handle ctstylesheet4257type
2025-06-17 07:59:09 TRACE XBeanDebug:946 - Resolving type for handle ctnumfmtsb58btype
2025-06-17 07:59:09 TRACE XBeanDebug:946 - Resolving type for handle ctfonts6623type
2025-06-17 07:59:09 TRACE XBeanDebug:946 - Resolving type for handle ctfont14d8type
2025-06-17 07:59:09 TRACE XBeanDebug:946 - Resolving type for handle ctfills2c6ftype
2025-06-17 07:59:09 TRACE XBeanDebug:946 - Resolving type for handle ctfill550ctype
2025-06-17 07:59:09 TRACE XBeanDebug:946 - Resolving type for handle ctborders0d66type
2025-06-17 07:59:09 TRACE XBeanDebug:946 - Resolving type for handle ctborderf935type
2025-06-17 07:59:09 TRACE XBeanDebug:946 - Resolving type for handle ctcellxfs1322type
2025-06-17 07:59:09 TRACE XBeanDebug:946 - Resolving type for handle ctxf97f7type
2025-06-17 07:59:09 TRACE XBeanDebug:946 - Resolving type for handle ctcellstylexfsa81ftype
2025-06-17 07:59:09 TRACE XBeanDebug:946 - Resolving type for handle workbookec17doctype
2025-06-17 07:59:09 TRACE XBeanDebug:946 - Resolving type for handle ctworkbook83c3type
2025-06-17 07:59:09 TRACE XBeanDebug:946 - Resolving type for handle ctsheets49fdtype
2025-06-17 07:59:10 TRACE XBeanDebug:946 - Resolving type for handle ctsheet4dbetype
2025-06-17 07:59:10 TRACE XBeanDebug:946 - Resolving type for handle strelationshipid1e94type
2025-06-17 07:59:10 TRACE XBeanDebug:946 - Resolving type for handle worksheetf539doctype
2025-06-17 07:59:10 TRACE XBeanDebug:946 - Resolving type for handle ctworksheet530dtype
2025-06-17 07:59:10 TRACE XBeanDebug:946 - Resolving type for handle ctcols627ctype
2025-06-17 07:59:10 TRACE XBeanDebug:946 - Resolving type for handle ctsheetdata8408type
2025-06-17 07:59:10 TRACE XBeanDebug:946 - Resolving type for handle ctrowdd39type
2025-06-17 07:59:10 TRACE XBeanDebug:946 - Resolving type for handle ctcell842btype
2025-06-17 07:59:10 TRACE XBeanDebug:946 - Resolving type for handle stcellrefe4e0type
2025-06-17 07:59:10 TRACE XBeanDebug:946 - Resolving type for handle stxstringf179type
2025-06-17 07:59:10 TRACE XBeanDebug:946 - Resolving type for handle stcelltypebf95type
